{"C:\\Users\\Zsigmond Artur\\Desktop\\MPP_lab\\PC_BUILDING\\my-pc-builder-app\\backend\\builds.js": {"path":"C:\\Users\\Zsigmond Artur\\Desktop\\MPP_lab\\PC_BUILDING\\my-pc-builder-app\\backend\\builds.js","statementMap":{"0":{"start":{"line":1,"column":16},"end":{"line":1,"column":34}},"1":{"start":{"line":2,"column":15},"end":{"line":2,"column":31}},"2":{"start":{"line":3,"column":22},"end":{"line":3,"column":43}},"3":{"start":{"line":5,"column":13},"end":{"line":5,"column":15}},"4":{"start":{"line":7,"column":0},"end":{"line":15,"column":3}},"5":{"start":{"line":8,"column":17},"end":{"line":8,"column":23}},"6":{"start":{"line":9,"column":31},"end":{"line":9,"column":40}},"7":{"start":{"line":10,"column":4},"end":{"line":10,"column":56}},"8":{"start":{"line":10,"column":13},"end":{"line":10,"column":56}},"9":{"start":{"line":10,"column":41},"end":{"line":10,"column":54}},"10":{"start":{"line":11,"column":4},"end":{"line":11,"column":56}},"11":{"start":{"line":11,"column":13},"end":{"line":11,"column":56}},"12":{"start":{"line":11,"column":41},"end":{"line":11,"column":54}},"13":{"start":{"line":12,"column":4},"end":{"line":12,"column":75}},"14":{"start":{"line":12,"column":25},"end":{"line":12,"column":75}},"15":{"start":{"line":12,"column":47},"end":{"line":12,"column":73}},"16":{"start":{"line":13,"column":4},"end":{"line":13,"column":75}},"17":{"start":{"line":13,"column":25},"end":{"line":13,"column":75}},"18":{"start":{"line":13,"column":47},"end":{"line":13,"column":73}},"19":{"start":{"line":14,"column":4},"end":{"line":14,"column":21}},"20":{"start":{"line":18,"column":0},"end":{"line":24,"column":2}},"21":{"start":{"line":20,"column":18},"end":{"line":20,"column":26}},"22":{"start":{"line":21,"column":4},"end":{"line":21,"column":23}},"23":{"start":{"line":22,"column":4},"end":{"line":22,"column":32}},"24":{"start":{"line":28,"column":0},"end":{"line":35,"column":3}},"25":{"start":{"line":29,"column":16},"end":{"line":29,"column":42}},"26":{"start":{"line":30,"column":4},"end":{"line":32,"column":5}},"27":{"start":{"line":31,"column":6},"end":{"line":31,"column":62}},"28":{"start":{"line":33,"column":4},"end":{"line":33,"column":27}},"29":{"start":{"line":34,"column":4},"end":{"line":34,"column":26}},"30":{"start":{"line":38,"column":0},"end":{"line":46,"column":2}},"31":{"start":{"line":39,"column":16},"end":{"line":39,"column":42}},"32":{"start":{"line":40,"column":4},"end":{"line":42,"column":5}},"33":{"start":{"line":41,"column":8},"end":{"line":41,"column":64}},"34":{"start":{"line":43,"column":20},"end":{"line":43,"column":44}},"35":{"start":{"line":44,"column":4},"end":{"line":44,"column":22}},"36":{"start":{"line":49,"column":0},"end":{"line":55,"column":5}},"37":{"start":{"line":50,"column":18},"end":{"line":53,"column":10}},"38":{"start":{"line":51,"column":6},"end":{"line":51,"column":41}},"39":{"start":{"line":52,"column":6},"end":{"line":52,"column":17}},"40":{"start":{"line":54,"column":4},"end":{"line":54,"column":20}},"41":{"start":{"line":59,"column":0},"end":{"line":59,"column":24}}},"fnMap":{"0":{"name":"(anonymous_0)","decl":{"start":{"line":7,"column":16},"end":{"line":7,"column":17}},"loc":{"start":{"line":7,"column":30},"end":{"line":15,"column":1}},"line":7},"1":{"name":"(anonymous_1)","decl":{"start":{"line":10,"column":36},"end":{"line":10,"column":37}},"loc":{"start":{"line":10,"column":41},"end":{"line":10,"column":54}},"line":10},"2":{"name":"(anonymous_2)","decl":{"start":{"line":11,"column":36},"end":{"line":11,"column":37}},"loc":{"start":{"line":11,"column":41},"end":{"line":11,"column":54}},"line":11},"3":{"name":"(anonymous_3)","decl":{"start":{"line":12,"column":37},"end":{"line":12,"column":38}},"loc":{"start":{"line":12,"column":47},"end":{"line":12,"column":73}},"line":12},"4":{"name":"(anonymous_4)","decl":{"start":{"line":13,"column":37},"end":{"line":13,"column":38}},"loc":{"start":{"line":13,"column":47},"end":{"line":13,"column":73}},"line":13},"5":{"name":"(anonymous_5)","decl":{"start":{"line":18,"column":32},"end":{"line":18,"column":33}},"loc":{"start":{"line":18,"column":46},"end":{"line":23,"column":1}},"line":18},"6":{"name":"(anonymous_6)","decl":{"start":{"line":28,"column":37},"end":{"line":28,"column":38}},"loc":{"start":{"line":28,"column":51},"end":{"line":35,"column":1}},"line":28},"7":{"name":"(anonymous_7)","decl":{"start":{"line":38,"column":25},"end":{"line":38,"column":26}},"loc":{"start":{"line":38,"column":39},"end":{"line":45,"column":1}},"line":38},"8":{"name":"(anonymous_8)","decl":{"start":{"line":49,"column":21},"end":{"line":49,"column":22}},"loc":{"start":{"line":49,"column":35},"end":{"line":55,"column":3}},"line":49},"9":{"name":"(anonymous_9)","decl":{"start":{"line":50,"column":32},"end":{"line":50,"column":33}},"loc":{"start":{"line":50,"column":44},"end":{"line":53,"column":5}},"line":50}},"branchMap":{"0":{"loc":{"start":{"line":10,"column":4},"end":{"line":10,"column":56}},"type":"if","locations":[{"start":{"line":10,"column":4},"end":{"line":10,"column":56}},{"start":{},"end":{}}],"line":10},"1":{"loc":{"start":{"line":11,"column":4},"end":{"line":11,"column":56}},"type":"if","locations":[{"start":{"line":11,"column":4},"end":{"line":11,"column":56}},{"start":{},"end":{}}],"line":11},"2":{"loc":{"start":{"line":12,"column":4},"end":{"line":12,"column":75}},"type":"if","locations":[{"start":{"line":12,"column":4},"end":{"line":12,"column":75}},{"start":{},"end":{}}],"line":12},"3":{"loc":{"start":{"line":13,"column":4},"end":{"line":13,"column":75}},"type":"if","locations":[{"start":{"line":13,"column":4},"end":{"line":13,"column":75}},{"start":{},"end":{}}],"line":13},"4":{"loc":{"start":{"line":30,"column":4},"end":{"line":32,"column":5}},"type":"if","locations":[{"start":{"line":30,"column":4},"end":{"line":32,"column":5}},{"start":{},"end":{}}],"line":30},"5":{"loc":{"start":{"line":30,"column":8},"end":{"line":30,"column":39}},"type":"binary-expr","locations":[{"start":{"line":30,"column":8},"end":{"line":30,"column":15}},{"start":{"line":30,"column":19},"end":{"line":30,"column":39}}],"line":30},"6":{"loc":{"start":{"line":40,"column":4},"end":{"line":42,"column":5}},"type":"if","locations":[{"start":{"line":40,"column":4},"end":{"line":42,"column":5}},{"start":{},"end":{}}],"line":40},"7":{"loc":{"start":{"line":40,"column":8},"end":{"line":40,"column":39}},"type":"binary-expr","locations":[{"start":{"line":40,"column":8},"end":{"line":40,"column":15}},{"start":{"line":40,"column":19},"end":{"line":40,"column":39}}],"line":40},"8":{"loc":{"start":{"line":51,"column":20},"end":{"line":51,"column":35}},"type":"binary-expr","locations":[{"start":{"line":51,"column":20},"end":{"line":51,"column":30}},{"start":{"line":51,"column":34},"end":{"line":51,"column":35}}],"line":51}},"s":{"0":1,"1":1,"2":1,"3":1,"4":1,"5":2,"6":2,"7":2,"8":1,"9":2,"10":2,"11":0,"12":0,"13":2,"14":0,"15":0,"16":2,"17":0,"18":0,"19":2,"20":1,"21":2,"22":2,"23":2,"24":1,"25":1,"26":1,"27":0,"28":1,"29":1,"30":1,"31":1,"32":1,"33":0,"34":1,"35":1,"36":1,"37":1,"38":1,"39":1,"40":1,"41":1},"f":{"0":2,"1":2,"2":0,"3":0,"4":0,"5":2,"6":1,"7":1,"8":1,"9":1},"b":{"0":[1,1],"1":[0,2],"2":[0,2],"3":[0,2],"4":[0,1],"5":[1,1],"6":[0,1],"7":[1,1],"8":[1,1]},"_coverageSchema":"1a1c01bbd47fc00a2c39e90264f33305004495a9","hash":"b7f2e735659d61ab30fcd26fa58b58eb068bef17"}
,"C:\\Users\\Zsigmond Artur\\Desktop\\MPP_lab\\PC_BUILDING\\my-pc-builder-app\\backend\\validate.js": {"path":"C:\\Users\\Zsigmond Artur\\Desktop\\MPP_lab\\PC_BUILDING\\my-pc-builder-app\\backend\\validate.js","statementMap":{"0":{"start":{"line":1,"column":0},"end":{"line":9,"column":1}},"1":{"start":{"line":2,"column":51},"end":{"line":2,"column":59}},"2":{"start":{"line":4,"column":4},"end":{"line":6,"column":5}},"3":{"start":{"line":5,"column":8},"end":{"line":5,"column":67}},"4":{"start":{"line":8,"column":4},"end":{"line":8,"column":11}}},"fnMap":{"0":{"name":"(anonymous_0)","decl":{"start":{"line":1,"column":17},"end":{"line":1,"column":18}},"loc":{"start":{"line":1,"column":43},"end":{"line":9,"column":1}},"line":1}},"branchMap":{"0":{"loc":{"start":{"line":4,"column":4},"end":{"line":6,"column":5}},"type":"if","locations":[{"start":{"line":4,"column":4},"end":{"line":6,"column":5}},{"start":{},"end":{}}],"line":4},"1":{"loc":{"start":{"line":4,"column":8},"end":{"line":4,"column":68}},"type":"binary-expr","locations":[{"start":{"line":4,"column":8},"end":{"line":4,"column":12}},{"start":{"line":4,"column":16},"end":{"line":4,"column":20}},{"start":{"line":4,"column":24},"end":{"line":4,"column":28}},{"start":{"line":4,"column":32},"end":{"line":4,"column":39}},{"start":{"line":4,"column":43},"end":{"line":4,"column":68}}],"line":4}},"s":{"0":1,"1":3,"2":3,"3":0,"4":3},"f":{"0":3},"b":{"0":[0,3],"1":[3,3,3,3,3]},"_coverageSchema":"1a1c01bbd47fc00a2c39e90264f33305004495a9","hash":"60a67e5440a9e0101d26af2f5a3400fbe7c1e0b0"}
}
